Arguments: 
  D:\Node\node.exe C:\Users\WhiteLittleDuck\AppData\Roaming\npm\node_modules\yarn\bin\yarn.js add pymongo

PATH: 
  D:\Projects\Python\flaskProject\node_modules\.bin;D:\Projects\Python\flaskProject\venv\Scripts\python\Scripts;C:\Program Files\Java\jdk-11.0.10\bin;D:\2021Spring\1SE\project\apache-maven-3.6.3\bin;D:\Software\VMware\VMware Workstation\bin\;C:\Users\WhiteLittleDuck\AppData\Local\Programs\Python\Python37;C:\Program Files (x86)\Common Files\Oracle\Java\javapath;C:\Windows\system32;C:\Windows;C:\Windows\System32\Wbem;C:\Windows\System32\WindowsPowerShell\v1.0\;C:\Windows\System32\OpenSSH\;C:\Program Files (x86)\NVIDIA Corporation\PhysX\Common;C:\Program Files\NVIDIA Corporation\NVIDIA NvDLISR;C:\Program Files\Git\cmd;D:\Node\;;C:\WINDOWS\system32;C:\WINDOWS;C:\WINDOWS\System32\Wbem;C:\WINDOWS\System32\WindowsPowerShell\v1.0\;C:\WINDOWS\System32\OpenSSH\;C:\Users\WhiteLittleDuck\AppData\Local\Programs\Python\Python37\Scripts\;C:\Users\WhiteLittleDuck\AppData\Local\Programs\Python\Python37\;C:\Users\WhiteLittleDuck\AppData\Local\Programs\Python\Python38-32\Scripts\;C:\Users\WhiteLittleDuck\AppData\Local\Programs\Python\Python38-32\;C:\Users\WhiteLittleDuck\AppData\Local\Microsoft\WindowsApps;;C:\Program Files\JetBrains\CLion 2020.2.1\bin;;C:\Program Files\JetBrains\PyCharm 2020.2.1\bin;;C:\Users\WhiteLittleDuck\AppData\Roaming\npm;D:\VSCode\bin;D:\setup\JetBrain\IntelliJ IDEA 2021.1\bin;

Yarn version: 
  1.22.10

Node version: 
  14.15.4

Platform: 
  win32 x64

Trace: 
  Error: connect ETIMEDOUT 104.16.26.35:443
      at TCPConnectWrap.afterConnect [as oncomplete] (net.js:1146:16)

npm manifest: 
  No manifest

yarn manifest: 
  No manifest

Lockfile: 
  # THIS IS AN AUTOGENERATED FILE. DO NOT EDIT THIS FILE DIRECTLY.
  # yarn lockfile v1
